
=== Wed Jan 18 17:33:23 2023

Packages were changed.
Update Mode: updateDependencies

The following packages were updated:
  com.unity.collab-proxy from version 1.17.2 to 1.17.7
  com.unity.ide.rider from version 3.0.15 to 3.0.16

=== Wed Jan 25 14:04:00 2023

Packages were changed.
Update Mode: updateDependencies

The following packages were updated:
  com.unity.ide.rider from version 3.0.16 to 3.0.18
  com.unity.ide.visualstudio from version 2.0.16 to 2.0.17
  com.unity.visualscripting from version 1.7.8 to 1.8.0

=== Fri Jan 31 17:33:44 2025

Packages were changed.
Update Mode: updateDependencies

The following packages were added:
  com.unity.ai.navigation@2.0.4
  com.unity.modules.accessibility@1.0.0
  com.unity.multiplayer.center@1.0.0
The following packages were updated:
  com.unity.collab-proxy from version 1.17.7 to 2.5.2
  com.unity.feature.2d from version 1.0.0 to 2.0.1
  com.unity.ide.rider from version 3.0.18 to 3.0.31
  com.unity.ide.visualstudio from version 2.0.17 to 2.0.22
  com.unity.test-framework from version 1.1.31 to 1.4.5
  com.unity.timeline from version 1.6.4 to 1.8.7
  com.unity.ugui from version 1.0.0 to 2.0.0
  com.unity.visualscripting from version 1.8.0 to 1.9.5
The following packages were removed:
  com.unity.textmeshpro@3.0.6
